#-----------------------------------------------------------
# Vivado v2019.1 (64-bit)
# SW Build 2552052 on Fri May 24 14:49:42 MDT 2019
# IP Build 2548770 on Fri May 24 18:01:18 MDT 2019
# Start of session at: Thu Mar 19 14:27:35 2020
# Process ID: 31768
# Current directory: C:/Users/jasson31/Desktop/class_experiments_v19
# Command line: vivado.exe -gui_launcher_event rodinguilauncherevent33220 C:\Users\jasson31\Desktop\class_experiments_v19\class_experiments_v19.xpr
# Log file: C:/Users/jasson31/Desktop/class_experiments_v19/vivado.log
# Journal file: C:/Users/jasson31/Desktop/class_experiments_v19\vivado.jou
#-----------------------------------------------------------
start_gui
open_project C:/Users/jasson31/Desktop/class_experiments_v19/class_experiments_v19.xpr
INFO: [Project 1-313] Project file moved from 'C:/Users/sungyeong/Desktop/class_experiments_v19' since last save.
Scanning sources...
Finished scanning sources
INFO: [IP_Flow 19-234] Refreshing IP repositories
INFO: [IP_Flow 19-1704] No user IP repositories specified
INFO: [IP_Flow 19-2313] Loaded Vivado IP repository 'C:/Xilinx/Vivado/2019.1/data/ip'.
open_project: Time (s): cpu = 00:00:46 ; elapsed = 00:00:19 . Memory (MB): peak = 796.430 ; gain = 167.289
update_compile_order -fileset sources_1
open_bd_design {C:/Users/jasson31/Desktop/class_experiments_v19/class_experiments_v19.srcs/sources_1/bd/soc/soc.bd}
Adding component instance block -- xilinx.com:ip:axi_gpio:2.0 - leds
Adding component instance block -- xilinx.com:ip:axi_gpio:2.0 - switches
Adding component instance block -- xilinx.com:ip:axi_interconnect:2.1 - ps7_0_axi_periph
Adding component instance block -- xilinx.com:ip:axi_crossbar:2.1 - xbar
Adding component instance block -- xilinx.com:ip:axi_protocol_converter:2.1 - auto_pc
Adding component instance block -- xilinx.com:ip:processing_system7:5.5 - processing_system7_0
Adding component instance block -- xilinx.com:ip:proc_sys_reset:5.0 - rst_ps7_0_100M
Successfully read diagram <soc> from BD file <C:/Users/jasson31/Desktop/class_experiments_v19/class_experiments_v19.srcs/sources_1/bd/soc/soc.bd>
INFO: [Common 17-365] Interrupt caught but 'open_bd_design' cannot be canceled. Please wait for command to finish.
open_bd_design: Time (s): cpu = 00:00:11 ; elapsed = 00:00:10 . Memory (MB): peak = 920.840 ; gain = 0.000
INFO: [Common 17-681] Processing pending cancel.
1
launch_sdk -workspace C:/Users/jasson31/Desktop/class_experiments_v19/class_experiments_v19.sdk -hwspec C:/Users/jasson31/Desktop/class_experiments_v19/class_experiments_v19.sdk/soc_wrapper.hdf
INFO: [Vivado 12-393] Launching SDK...
INFO: [Vivado 12-417] Running xsdk -workspace C:/Users/jasson31/Desktop/class_experiments_v19/class_experiments_v19.sdk -hwspec C:/Users/jasson31/Desktop/class_experiments_v19/class_experiments_v19.sdk/soc_wrapper.hdf
INFO: [Vivado 12-3157] SDK launch initiated. Please check console for any further messages.
exit
INFO: [Common 17-206] Exiting Vivado at Thu Mar 19 15:03:09 2020...
