#-----------------------------------------------------------
# Webtalk v2019.1 (64-bit)
# SW Build 2552052 on Fri May 24 14:49:42 MDT 2019
# 
# Start of session at: Mon Dec  9 13:47:20 2019
# Process ID: 1280
# Current directory: C:/Users/sungyeong/Desktop/class_experiments_v19/class_experiments_v19.sdk/webtalk
# Command line: wbtcv.exe -mode batch -source sdk_webtalk.tcl
# Log file: C:/Users/sungyeong/Desktop/class_experiments_v19/class_experiments_v19.sdk/webtalk/webtalk.log
# Journal file: C:/Users/sungyeong/Desktop/class_experiments_v19/class_experiments_v19.sdk/webtalk\webtalk.jou
#-----------------------------------------------------------
source sdk_webtalk.tcl
# webtalk_init -webtalk_dir C:\\Users\\sungyeong\\Desktop\\class_experiments_v19\\class_experiments_v19.sdk\\webtalk
# webtalk_register_client -client project
# webtalk_add_data -client project -key date_generated -value "2019-12-09 13:47:20" -context "software_version_and_target_device"
# webtalk_add_data -client project -key product_version -value "SDK v2019.1" -context "software_version_and_target_device"
# webtalk_add_data -client project -key build_version -value "2019.1" -context "software_version_and_target_device"
# webtalk_add_data -client project -key os_platform -value "amd64" -context "software_version_and_target_device"
# webtalk_add_data -client project -key registration_id -value "174167174_1777491974_210700848_308" -context "software_version_and_target_device"
# webtalk_add_data -client project -key tool_flow -value "SDK" -context "software_version_and_target_device"
# webtalk_add_data -client project -key beta -value "false" -context "software_version_and_target_device"
# webtalk_add_data -client project -key route_design -value "NA" -context "software_version_and_target_device"
# webtalk_add_data -client project -key target_family -value "NA" -context "software_version_and_target_device"
# webtalk_add_data -client project -key target_device -value "NA" -context "software_version_and_target_device"
# webtalk_add_data -client project -key target_package -value "NA" -context "software_version_and_target_device"
# webtalk_add_data -client project -key target_speed -value "NA" -context "software_version_and_target_device"
# webtalk_add_data -client project -key random_id -value "97rcofevo77dtor219hlkb3850" -context "software_version_and_target_device"
# webtalk_add_data -client project -key project_id -value "2019.1_7" -context "software_version_and_target_device"
# webtalk_add_data -client project -key project_iteration -value "7" -context "software_version_and_target_device"
# webtalk_add_data -client project -key os_name -value "Microsoft Windows 8 or later , 64-bit" -context "user_environment"
# webtalk_add_data -client project -key os_release -value "major release  (build 9200)" -context "user_environment"
# webtalk_add_data -client project -key cpu_name -value "Intel(R) Core(TM) i7-9700K CPU @ 3.60GHz" -context "user_environment"
# webtalk_add_data -client project -key cpu_speed -value "3600 MHz" -context "user_environment"
# webtalk_add_data -client project -key total_processors -value "1" -context "user_environment"
# webtalk_add_data -client project -key system_ram -value "34.214 GB" -context "user_environment"
# webtalk_register_client -client sdk
# webtalk_add_data -client sdk -key uid -value "1575866334527" -context "sdk\\\\bsp/1575866334527"
# webtalk_add_data -client sdk -key hwid -value "1575859424072" -context "sdk\\\\bsp/1575866334527"
# webtalk_add_data -client sdk -key os -value "standalone" -context "sdk\\\\bsp/1575866334527"
# webtalk_add_data -client sdk -key apptemplate -value "empty_application" -context "sdk\\\\bsp/1575866334527"
# webtalk_add_data -client sdk -key RecordType -value "BSPCreation" -context "sdk\\\\bsp/1575866334527"
# webtalk_add_data -client sdk -key uid -value "1575866336869" -context "sdk\\\\application/1575866336869"
# webtalk_add_data -client sdk -key hwid -value "1575859424072" -context "sdk\\\\application/1575866336869"
# webtalk_add_data -client sdk -key bspid -value "1575866334527" -context "sdk\\\\application/1575866336869"
# webtalk_add_data -client sdk -key newbsp -value "true" -context "sdk\\\\application/1575866336869"
# webtalk_add_data -client sdk -key os -value "standalone" -context "sdk\\\\application/1575866336869"
# webtalk_add_data -client sdk -key apptemplate -value "empty_application" -context "sdk\\\\application/1575866336869"
# webtalk_add_data -client sdk -key RecordType -value "APPCreation" -context "sdk\\\\application/1575866336869"
# webtalk_add_data -client sdk -key LangUsed -value "C" -context "sdk\\\\application/1575866336869"
# webtalk_add_data -client sdk -key Procused -value "ps7_cortexa9" -context "sdk\\\\application/1575866336869"
# webtalk_add_data -client sdk -key uid -value "1575866600580" -context "sdk\\\\bsp/1575866600580"
# webtalk_add_data -client sdk -key hwid -value "1575859424072" -context "sdk\\\\bsp/1575866600580"
# webtalk_add_data -client sdk -key os -value "standalone" -context "sdk\\\\bsp/1575866600580"
# webtalk_add_data -client sdk -key apptemplate -value "empty_application" -context "sdk\\\\bsp/1575866600580"
# webtalk_add_data -client sdk -key RecordType -value "BSPCreation" -context "sdk\\\\bsp/1575866600580"
# webtalk_add_data -client sdk -key uid -value "1575866601721" -context "sdk\\\\application/1575866601721"
# webtalk_add_data -client sdk -key hwid -value "1575859424072" -context "sdk\\\\application/1575866601721"
# webtalk_add_data -client sdk -key bspid -value "1575866600580" -context "sdk\\\\application/1575866601721"
# webtalk_add_data -client sdk -key newbsp -value "true" -context "sdk\\\\application/1575866601721"
# webtalk_add_data -client sdk -key os -value "standalone" -context "sdk\\\\application/1575866601721"
# webtalk_add_data -client sdk -key apptemplate -value "empty_application" -context "sdk\\\\application/1575866601721"
# webtalk_add_data -client sdk -key RecordType -value "APPCreation" -context "sdk\\\\application/1575866601721"
# webtalk_add_data -client sdk -key LangUsed -value "C" -context "sdk\\\\application/1575866601721"
# webtalk_add_data -client sdk -key Procused -value "ps7_cortexa9" -context "sdk\\\\application/1575866601721"
# webtalk_add_data -client sdk -key projSize -value "214.08984375" -context "sdk\\\\application/1575866601721"
# webtalk_add_data -client sdk -key uid -value "NA" -context "sdk\\\\bsp/1575866840103"
# webtalk_add_data -client sdk -key RecordType -value "ToolUsage" -context "sdk\\\\bsp/1575866840103"
# webtalk_add_data -client sdk -key BootgenCount -value "0" -context "sdk\\\\bsp/1575866840103"
# webtalk_add_data -client sdk -key DebugCount -value "0" -context "sdk\\\\bsp/1575866840103"
# webtalk_add_data -client sdk -key PerfCount -value "0" -context "sdk\\\\bsp/1575866840103"
# webtalk_add_data -client sdk -key FlashCount -value "0" -context "sdk\\\\bsp/1575866840103"
# webtalk_add_data -client sdk -key CrossTriggCount -value "0" -context "sdk\\\\bsp/1575866840103"
# webtalk_add_data -client sdk -key QemuDebugCount -value "0" -context "sdk\\\\bsp/1575866840103"
# webtalk_transmit -clientid 981588705 -regid "174167174_1777491974_210700848_308" -xml C:\\Users\\sungyeong\\Desktop\\class_experiments_v19\\class_experiments_v19.sdk\\webtalk\\usage_statistics_ext_sdk.xml -html C:\\Users\\sungyeong\\Desktop\\class_experiments_v19\\class_experiments_v19.sdk\\webtalk\\usage_statistics_ext_sdk.html -wdm C:\\Users\\sungyeong\\Desktop\\class_experiments_v19\\class_experiments_v19.sdk\\webtalk\\sdk_webtalk.wdm -intro "<H3>SDK Usage Report</H3><BR>"
INFO: [Common 17-186] 'C:\Users\sungyeong\Desktop\class_experiments_v19\class_experiments_v19.sdk\webtalk\usage_statistics_ext_sdk.xml' has been successfully sent to Xilinx on Mon Dec  9 13:47:24 2019. For additional details about this file, please refer to the WebTalk help file at C:/Xilinx/SDK/2019.1/doc/webtalk_introduction.html.
# webtalk_terminate
INFO: [Common 17-206] Exiting Webtalk at Mon Dec  9 13:47:24 2019...
